--------------------------------------------------------
SE62882
--------------------------------------------------------
[INFO] Scanning for projects...
[INFO] 
[INFO] ------------------< eu.arima:springboot-with-webxml >-------------------
[INFO] Building springboot-with-webxml 0.0.1-SNAPSHOT
[INFO] --------------------------------[ jar ]---------------------------------
[INFO] 
[INFO] --- maven-clean-plugin:3.1.0:clean (default-clean) @ springboot-with-webxml ---
[INFO] Deleting E:\CN9\FU_Submission_Webservice\submission\PracticalExams\Practical_JavaWeb_SE1269_20200507\Server\target
[INFO] 
[INFO] --- maven-resources-plugin:3.1.0:resources (default-resources) @ springboot-with-webxml ---
[INFO] Using 'UTF-8' encoding to copy filtered resources.
[INFO] Copying 1 resource
[INFO] Copying 1 resource
[INFO] 
[INFO] --- maven-compiler-plugin:3.8.1:compile (default-compile) @ springboot-with-webxml ---
[INFO] Changes detected - recompiling the module!
[INFO] Compiling 16 source files to E:\CN9\FU_Submission_Webservice\submission\PracticalExams\Practical_JavaWeb_SE1269_20200507\Server\target\classes
[INFO] -------------------------------------------------------------
[ERROR] COMPILATION ERROR : 
[INFO] -------------------------------------------------------------
[ERROR] /E:/CN9/FU_Submission_Webservice/submission/PracticalExams/Practical_JavaWeb_SE1269_20200507/Server/src/main/java/server/databasetestutil/DatabaseTestUtils.java:[3,44] package com.practicalexam.student.connection does not exist
[ERROR] /E:/CN9/FU_Submission_Webservice/submission/PracticalExams/Practical_JavaWeb_SE1269_20200507/Server/src/main/java/server/databasetestutil/DatabaseTestUtils.java:[4,54] package com.practicalexam.student.khanhkt.registration does not exist
[ERROR] /E:/CN9/FU_Submission_Webservice/submission/PracticalExams/Practical_JavaWeb_SE1269_20200507/Server/src/main/java/server/databasetestutil/DatabaseTestUtils.java:[24,19] cannot find symbol
  symbol:   variable DBUtilities
  location: class server.databasetestutil.DatabaseTestUtils
[ERROR] /E:/CN9/FU_Submission_Webservice/submission/PracticalExams/Practical_JavaWeb_SE1269_20200507/Server/src/main/java/server/databasetestutil/DatabaseTestUtils.java:[62,19] cannot find symbol
  symbol:   variable DBUtilities
  location: class server.databasetestutil.DatabaseTestUtils
[INFO] 4 errors 
[INFO] -------------------------------------------------------------
[INFO] ------------------------------------------------------------------------
[INFO] BUILD FAILURE
[INFO] ------------------------------------------------------------------------
[INFO] Total time:  8.497 s
[INFO] Finished at: 2020-04-05T22:37:11+07:00
[INFO] ------------------------------------------------------------------------
[ERROR] Failed to execute goal org.apache.maven.plugins:maven-compiler-plugin:3.8.1:compile (default-compile) on project springboot-with-webxml: Compilation failure: Compilation failure: 
[ERROR] /E:/CN9/FU_Submission_Webservice/submission/PracticalExams/Practical_JavaWeb_SE1269_20200507/Server/src/main/java/server/databasetestutil/DatabaseTestUtils.java:[3,44] package com.practicalexam.student.connection does not exist
[ERROR] /E:/CN9/FU_Submission_Webservice/submission/PracticalExams/Practical_JavaWeb_SE1269_20200507/Server/src/main/java/server/databasetestutil/DatabaseTestUtils.java:[4,54] package com.practicalexam.student.khanhkt.registration does not exist
[ERROR] /E:/CN9/FU_Submission_Webservice/submission/PracticalExams/Practical_JavaWeb_SE1269_20200507/Server/src/main/java/server/databasetestutil/DatabaseTestUtils.java:[24,19] cannot find symbol
[ERROR]   symbol:   variable DBUtilities
[ERROR]   location: class server.databasetestutil.DatabaseTestUtils
[ERROR] /E:/CN9/FU_Submission_Webservice/submission/PracticalExams/Practical_JavaWeb_SE1269_20200507/Server/src/main/java/server/databasetestutil/DatabaseTestUtils.java:[62,19] cannot find symbol
[ERROR]   symbol:   variable DBUtilities
[ERROR]   location: class server.databasetestutil.DatabaseTestUtils
[ERROR] -> [Help 1]
[ERROR] 
[ERROR] To see the full stack trace of the errors, re-run Maven with the -e switch.
[ERROR] Re-run Maven using the -X switch to enable full debug logging.
[ERROR] 
[ERROR] For more information about the errors and possible solutions, please read the following articles:
[ERROR] [Help 1] http://cwiki.apache.org/confluence/display/MAVEN/MojoFailureException
